<?xml version="1.0" encoding="UTF-8"?>
<testsuite xmlns:xsi="http://www.w3.org/2001/XMLSchema-instance" xsi:noNamespaceSchemaLocation="https://maven.apache.org/surefire/maven-surefire-plugin/xsd/surefire-test-report.xsd" version="3.0.2" name="TestSuite" time="41.357" tests="2" errors="0" skipped="0" failures="0">
  <properties>
[...]
</properties>
  <testcase name="validateBanners" classname="coverfoxTest.CoverfoxTC1_ByExcelAndTestNG" time="4.23">
    <system-out><![CDATA[ INFO [main] (CoverfoxTC1_ByExcelAndTestNG.java:40)- open browser
launching Browser
 INFO [main] (CoverfoxTC1_ByExcelAndTestNG.java:54)- Clicking on Gender button
Clicking on gender button
 INFO [main] (CoverfoxTC1_ByExcelAndTestNG.java:58)- Clicking on next button
Clicking on next Button
 WARN [main] (CoverfoxTC1_ByExcelAndTestNG.java:62)- enters age between 18-90
 INFO [main] (CoverfoxTC1_ByExcelAndTestNG.java:63)- Handeling age drop down
28
Handeled Age dropDown
 INFO [main] (CoverfoxTC1_ByExcelAndTestNG.java:67)- Clicking on next button
Clicking on next Button
 WARN [main] (CoverfoxTC1_ByExcelAndTestNG.java:71)- please enter valid pin code
 INFO [main] (CoverfoxTC1_ByExcelAndTestNG.java:72)- entering pin code
445206
Entering pincode
 WARN [main] (CoverfoxTC1_ByExcelAndTestNG.java:76)- please enter valid mobile number
 INFO [main] (CoverfoxTC1_ByExcelAndTestNG.java:77)- entering mobile number
8668849722
Entering mobile Number
 INFO [main] (CoverfoxTC1_ByExcelAndTestNG.java:81)- Clicking on continue button
Clicking on next Button
validateBannersTC execution started
 INFO [main] (CoverfoxTC1_ByExcelAndTestNG.java:89)- validating Banners
gettting Plan Numbers From Banners
gettting Plan Numbers From String
taking screenshot
saving file at locationC:\Users\pranay\eclipse-workspace\CoverfoxProject\screenShot\validateBanners2024.09.16.17.00.11.png
]]></system-out>
    <system-err><![CDATA[SLF4J(W): No SLF4J providers were found.
SLF4J(W): Defaulting to no-operation (NOP) logger implementation
SLF4J(W): See https://www.slf4j.org/codes.html#noProviders for further details.
Sept 16, 2024 4:59:41 PM org.openqa.selenium.devtools.CdpVersionFinder findNearestMatch
WARNING: Unable to find an exact match for CDP version 128, returning the closest version; found: 125; Please update to a Selenium version that supports CDP version 128
ERROR StatusLogger Log4j2 could not find a logging implementation. Please add log4j-core to the classpath. Using SimpleLogger to log to the console...
]]></system-err>
  </testcase>
  <testcase name="validatePresenceOfSortButton" classname="coverfoxTest.CoverfoxTC1_ByExcelAndTestNG" time="4.298">
    <system-out><![CDATA[validatePresenceOfSortButtonTC execution started
 INFO [main] (CoverfoxTC1_ByExcelAndTestNG.java:102)- validating presence of sort button
Checking if sortPlanFilter is Displayed
taking screenshot
saving file at locationC:\Users\pranay\eclipse-workspace\CoverfoxProject\screenShot\validatePresenceOfSortButton2024.09.16.17.00.15.png
]]></system-out>
  </testcase>
</testsuite>