<?xml version="1.0" encoding="UTF-8"?>
<testng-results ignored="0" total="2" passed="2" failed="0" skipped="0">
  <reporter-output>
    <line>
      <![CDATA[launching Browser]]>
    </line>
    <line>
      <![CDATA[Waiting...]]>
    </line>
    <line>
      <![CDATA[Clicking on gender button]]>
    </line>
    <line>
      <![CDATA[Clicking on next Button]]>
    </line>
    <line>
      <![CDATA[Handeled Age dropDown]]>
    </line>
    <line>
      <![CDATA[Clicking on next Button]]>
    </line>
    <line>
      <![CDATA[Entering pincode]]>
    </line>
    <line>
      <![CDATA[Entering mobile Number]]>
    </line>
    <line>
      <![CDATA[Clicking on next Button]]>
    </line>
    <line>
      <![CDATA[validateBannersTC execution started]]>
    </line>
    <line>
      <![CDATA[gettting Plan Numbers From Banners]]>
    </line>
    <line>
      <![CDATA[gettting Plan Numbers From String]]>
    </line>
    <line>
      <![CDATA[taking screenshot]]>
    </line>
    <line>
      <![CDATA[saving file at locationC:\Users\pranay\eclipse-workspace\CoverfoxProject\screenShot\validateBanners2024.09.16.17.00.11.png]]>
    </line>
    <line>
      <![CDATA[validatePresenceOfSortButtonTC execution started]]>
    </line>
    <line>
      <![CDATA[Checking if sortPlanFilter is Displayed]]>
    </line>
    <line>
      <![CDATA[taking screenshot]]>
    </line>
    <line>
      <![CDATA[saving file at locationC:\Users\pranay\eclipse-workspace\CoverfoxProject\screenShot\validatePresenceOfSortButton2024.09.16.17.00.15.png]]>
    </line>
    <line>
      <![CDATA[closing Browser]]>
    </line>
  </reporter-output>
  <suite started-at="2024-09-16T16:59:37 IST" name="Suite" finished-at="2024-09-16T17:00:16 IST" duration-ms="39992">
    <groups>
    </groups>
    <test started-at="2024-09-16T16:59:37 IST" name="Test" finished-at="2024-09-16T17:00:16 IST" duration-ms="39992">
      <class name="coverfoxTest.CoverfoxTC1_ByExcelAndTestNG">
        <test-method is-config="true" signature="launchBrowser()[pri:0, instance:coverfoxTest.CoverfoxTC1_ByExcelAndTestNG@7c7b252e]" started-at="2024-09-16T16:59:37 IST" name="launchBrowser" finished-at="2024-09-16T16:59:48 IST" duration-ms="11889" status="PASS">
          <reporter-output>
            <line>
              <![CDATA[launching Browser]]>
            </line>
            <line>
              <![CDATA[Waiting...]]>
            </line>
          </reporter-output>
        </test-method> <!-- launchBrowser -->
        <test-method is-config="true" signature="preconditions()[pri:0, instance:coverfoxTest.CoverfoxTC1_ByExcelAndTestNG@7c7b252e]" started-at="2024-09-16T16:59:48 IST" name="preconditions" finished-at="2024-09-16T17:00:07 IST" duration-ms="18272" status="PASS">
          <reporter-output>
            <line>
              <![CDATA[Clicking on gender button]]>
            </line>
            <line>
              <![CDATA[Clicking on next Button]]>
            </line>
            <line>
              <![CDATA[Handeled Age dropDown]]>
            </line>
            <line>
              <![CDATA[Clicking on next Button]]>
            </line>
            <line>
              <![CDATA[Entering pincode]]>
            </line>
            <line>
              <![CDATA[Entering mobile Number]]>
            </line>
            <line>
              <![CDATA[Clicking on next Button]]>
            </line>
          </reporter-output>
        </test-method> <!-- preconditions -->
        <test-method signature="validateBanners()[pri:0, instance:coverfoxTest.CoverfoxTC1_ByExcelAndTestNG@7c7b252e]" started-at="2024-09-16T17:00:07 IST" name="validateBanners" finished-at="2024-09-16T17:00:11 IST" duration-ms="4227" status="PASS">
          <reporter-output>
            <line>
              <![CDATA[validateBannersTC execution started]]>
            </line>
            <line>
              <![CDATA[gettting Plan Numbers From Banners]]>
            </line>
            <line>
              <![CDATA[gettting Plan Numbers From String]]>
            </line>
            <line>
              <![CDATA[taking screenshot]]>
            </line>
            <line>
              <![CDATA[saving file at locationC:\Users\pranay\eclipse-workspace\CoverfoxProject\screenShot\validateBanners2024.09.16.17.00.11.png]]>
            </line>
          </reporter-output>
        </test-method> <!-- validateBanners -->
        <test-method signature="validatePresenceOfSortButton()[pri:0, instance:coverfoxTest.CoverfoxTC1_ByExcelAndTestNG@7c7b252e]" started-at="2024-09-16T17:00:11 IST" name="validatePresenceOfSortButton" finished-at="2024-09-16T17:00:15 IST" duration-ms="4299" status="PASS">
          <reporter-output>
            <line>
              <![CDATA[validatePresenceOfSortButtonTC execution started]]>
            </line>
            <line>
              <![CDATA[Checking if sortPlanFilter is Displayed]]>
            </line>
            <line>
              <![CDATA[taking screenshot]]>
            </line>
            <line>
              <![CDATA[saving file at locationC:\Users\pranay\eclipse-workspace\CoverfoxProject\screenShot\validatePresenceOfSortButton2024.09.16.17.00.15.png]]>
            </line>
          </reporter-output>
        </test-method> <!-- validatePresenceOfSortButton -->
        <test-method is-config="true" signature="closeBrowser()[pri:0, instance:coverfoxTest.CoverfoxTC1_ByExcelAndTestNG@7c7b252e]" started-at="2024-09-16T17:00:15 IST" name="closeBrowser" finished-at="2024-09-16T17:00:16 IST" duration-ms="1249" status="PASS">
          <reporter-output>
            <line>
              <![CDATA[closing Browser]]>
            </line>
          </reporter-output>
        </test-method> <!-- closeBrowser -->
      </class> <!-- coverfoxTest.CoverfoxTC1_ByExcelAndTestNG -->
    </test> <!-- Test -->
  </suite> <!-- Suite -->
</testng-results>
