<?xml version="1.0" encoding="UTF-8"?>
<testng-results ignored="0" total="2" passed="2" failed="0" skipped="0">
  <reporter-output>
    <line>
      <![CDATA[launching Browser]]>
    </line>
    <line>
      <![CDATA[Waiting...]]>
    </line>
    <line>
      <![CDATA[Clicking on gender button]]>
    </line>
    <line>
      <![CDATA[Clicking on next Button]]>
    </line>
    <line>
      <![CDATA[Handeled Age dropDown]]>
    </line>
    <line>
      <![CDATA[Clicking on next Button]]>
    </line>
    <line>
      <![CDATA[Entering pincode]]>
    </line>
    <line>
      <![CDATA[Entering mobile Number]]>
    </line>
    <line>
      <![CDATA[Clicking on next Button]]>
    </line>
    <line>
      <![CDATA[validateBannersTC execution started]]>
    </line>
    <line>
      <![CDATA[gettting Plan Numbers From Banners]]>
    </line>
    <line>
      <![CDATA[gettting Plan Numbers From String]]>
    </line>
    <line>
      <![CDATA[taking screenshot]]>
    </line>
    <line>
      <![CDATA[saving file at locationC:\Users\pranay\eclipse-workspace\CoverfoxTest\screenShot\validateBanners2024.09.14.18.41.21.png]]>
    </line>
    <line>
      <![CDATA[validatePresenceOfSortButtonTC execution started]]>
    </line>
    <line>
      <![CDATA[Checking if sortPlanFilter is Displayed]]>
    </line>
    <line>
      <![CDATA[taking screenshot]]>
    </line>
    <line>
      <![CDATA[saving file at locationC:\Users\pranay\eclipse-workspace\CoverfoxTest\screenShot\validatePresenceOfSortButton2024.09.14.18.41.25.png]]>
    </line>
    <line>
      <![CDATA[closing Browser]]>
    </line>
  </reporter-output>
  <suite started-at="2024-09-14T18:40:47 IST" name="Suite" finished-at="2024-09-14T18:41:29 IST" duration-ms="41966">
    <groups>
    </groups>
    <test started-at="2024-09-14T18:40:47 IST" name="Test" finished-at="2024-09-14T18:41:29 IST" duration-ms="41966">
      <class name="coverfoxTest.CoverfoxTC1_ByExcelAndTestNG">
        <test-method is-config="true" signature="launchBrowser()[pri:0, instance:coverfoxTest.CoverfoxTC1_ByExcelAndTestNG@15de0b3c]" started-at="2024-09-14T18:40:47 IST" name="launchBrowser" finished-at="2024-09-14T18:40:59 IST" duration-ms="12013" status="PASS">
          <reporter-output>
            <line>
              <![CDATA[launching Browser]]>
            </line>
            <line>
              <![CDATA[Waiting...]]>
            </line>
          </reporter-output>
        </test-method> <!-- launchBrowser -->
        <test-method is-config="true" signature="preconditions()[pri:0, instance:coverfoxTest.CoverfoxTC1_ByExcelAndTestNG@15de0b3c]" started-at="2024-09-14T18:40:59 IST" name="preconditions" finished-at="2024-09-14T18:41:16 IST" duration-ms="17549" status="PASS">
          <reporter-output>
            <line>
              <![CDATA[Clicking on gender button]]>
            </line>
            <line>
              <![CDATA[Clicking on next Button]]>
            </line>
            <line>
              <![CDATA[Handeled Age dropDown]]>
            </line>
            <line>
              <![CDATA[Clicking on next Button]]>
            </line>
            <line>
              <![CDATA[Entering pincode]]>
            </line>
            <line>
              <![CDATA[Entering mobile Number]]>
            </line>
            <line>
              <![CDATA[Clicking on next Button]]>
            </line>
          </reporter-output>
        </test-method> <!-- preconditions -->
        <test-method signature="validateBanners()[pri:0, instance:coverfoxTest.CoverfoxTC1_ByExcelAndTestNG@15de0b3c]" started-at="2024-09-14T18:41:16 IST" name="validateBanners" finished-at="2024-09-14T18:41:21 IST" duration-ms="4555" status="PASS">
          <reporter-output>
            <line>
              <![CDATA[validateBannersTC execution started]]>
            </line>
            <line>
              <![CDATA[gettting Plan Numbers From Banners]]>
            </line>
            <line>
              <![CDATA[gettting Plan Numbers From String]]>
            </line>
            <line>
              <![CDATA[taking screenshot]]>
            </line>
            <line>
              <![CDATA[saving file at locationC:\Users\pranay\eclipse-workspace\CoverfoxTest\screenShot\validateBanners2024.09.14.18.41.21.png]]>
            </line>
          </reporter-output>
        </test-method> <!-- validateBanners -->
        <test-method signature="validatePresenceOfSortButton()[pri:0, instance:coverfoxTest.CoverfoxTC1_ByExcelAndTestNG@15de0b3c]" started-at="2024-09-14T18:41:21 IST" name="validatePresenceOfSortButton" finished-at="2024-09-14T18:41:25 IST" duration-ms="4552" status="PASS">
          <reporter-output>
            <line>
              <![CDATA[validatePresenceOfSortButtonTC execution started]]>
            </line>
            <line>
              <![CDATA[Checking if sortPlanFilter is Displayed]]>
            </line>
            <line>
              <![CDATA[taking screenshot]]>
            </line>
            <line>
              <![CDATA[saving file at locationC:\Users\pranay\eclipse-workspace\CoverfoxTest\screenShot\validatePresenceOfSortButton2024.09.14.18.41.25.png]]>
            </line>
          </reporter-output>
        </test-method> <!-- validatePresenceOfSortButton -->
        <test-method is-config="true" signature="closeBrowser()[pri:0, instance:coverfoxTest.CoverfoxTC1_ByExcelAndTestNG@15de0b3c]" started-at="2024-09-14T18:41:26 IST" name="closeBrowser" finished-at="2024-09-14T18:41:29 IST" duration-ms="3165" status="PASS">
          <reporter-output>
            <line>
              <![CDATA[closing Browser]]>
            </line>
          </reporter-output>
        </test-method> <!-- closeBrowser -->
      </class> <!-- coverfoxTest.CoverfoxTC1_ByExcelAndTestNG -->
    </test> <!-- Test -->
  </suite> <!-- Suite -->
</testng-results>
